<?xml version="1.0" encoding="UTF-8"?>
<testsuite xmlns:xsi="http://www.w3.org/2001/XMLSchema-instance" xsi:noNamespaceSchemaLocation="https://maven.apache.org/surefire/maven-surefire-plugin/xsd/surefire-test-report-3.0.xsd" version="3.0" name="com.example.PipelineIntegrationTest" time="0.141" tests="1" errors="1" skipped="0" failures="0">
  <properties>
[...]
</properties>
  <testcase name="endToEnd_withSpecificHeic_copyInTestDir_uploadAsHashDotJpg_insertToDb_andVerify" classname="com.example.PipelineIntegrationTest" time="0.132">
    <error message="Cannot invoke &quot;java.lang.Double.doubleValue()&quot; because &quot;d.lon&quot; is null" type="java.lang.NullPointerException"><![CDATA[java.lang.NullPointerException: Cannot invoke "java.lang.Double.doubleValue()" because "d.lon" is null
	at com.example.db.loadMetadata(db.java:28)
	at com.example.PipelineIntegrationTest.endToEnd_withSpecificHeic_copyInTestDir_uploadAsHashDotJpg_insertToDb_andVerify(PipelineIntegrationTest.java:60)
	at java.base/java.lang.reflect.Method.invoke(Method.java:565)
	at java.base/java.util.ArrayList.forEach(ArrayList.java:1604)
	at java.base/java.util.ArrayList.forEach(ArrayList.java:1604)
]]></error>
    <system-out><![CDATA[=== BEGIN PipelineIntegrationTest ===
Project root (user.dir): /Users/victorli/Documents/GitHub/cs370db/database
Original HEIC path: /Users/victorli/Documents/GitHub/cs370db/database/src/test/java/com/example/test_image_3.heic
[STEP 1] Copy original -> temp: /Users/victorli/Documents/GitHub/cs370db/database/src/test/java/com/example/test_image_3_copy_f950a404-dced-47b4-9dba-1143df2bf008.heic
[STEP 2] Convert HEIC copy -> JPG...
Converted JPG: /Users/victorli/Documents/GitHub/cs370db/database/src/test/java/com/example/test_image_3_copy_f950a404-dced-47b4-9dba-1143df2bf008.jpg
[STEP 3] Compute hash + metadata...
[LOCAL CLEANUP] Deleting temp HEIC copy and generated JPG (best-effort)...
]]></system-out>
  </testcase>
</testsuite>